<?xml version="1.0" encoding="UTF-8"?>
<!-- Generated by org.testng.reporters.JUnitReportReporter -->
<testsuite hostname="HIEU" failures="0" tests="1" name="com.edu.test.utils.GroupDemoTest" time="0.007" errors="0" timestamp="2025-02-17T09:07:39 GMT+07:00" skipped="0">
  <testcase classname="com.edu.test.utils.GroupDemoTest" name="testCase1" time="0.007"/>
</testsuite> <!-- com.edu.test.utils.GroupDemoTest -->
