<?xml version="1.0" encoding="UTF-8"?>
<!-- Generated by org.testng.reporters.JUnitReportReporter -->
<testsuite hostname="HIEU" failures="0" tests="2" name="com.edu.test.utils.Demo1Test" time="0.009" errors="0" timestamp="2025-02-17T09:06:48 GMT+07:00" skipped="0">
  <testcase classname="com.edu.test.utils.Demo1Test" name="testCase2" time="0.001"/>
  <testcase classname="com.edu.test.utils.Demo1Test" name="testCase1" time="0.008"/>
</testsuite> <!-- com.edu.test.utils.Demo1Test -->
