<?xml version="1.0" encoding="UTF-8"?>
<!-- Generated by org.testng.reporters.JUnitReportReporter -->
<testsuite hostname="HIEU" failures="0" tests="2" name="com.edu.test.utils.MethodDemoTest" time="0.006" errors="0" timestamp="2025-02-17T09:08:18 GMT+07:00" skipped="0">
  <testcase classname="com.edu.test.utils.MethodDemoTest" name="testCase2" time="0.000"/>
  <testcase classname="com.edu.test.utils.MethodDemoTest" name="testCase1" time="0.006"/>
</testsuite> <!-- com.edu.test.utils.MethodDemoTest -->
